0 verbose cli C:\Program Files\nodejs\node.exe C:\Users\jeana\AppData\Roaming\npm\node_modules\npm\bin\npm-cli.js
1 info using npm@11.2.0
2 info using node@v22.14.0
3 silly config load:file:C:\Users\jeana\AppData\Roaming\npm\node_modules\npm\npmrc
4 silly config load:file:D:\workspace\won-games-client\.npmrc
5 silly config load:file:C:\Users\jeana\.npmrc
6 silly config load:file:C:\Users\jeana\AppData\Roaming\npm\etc\npmrc
7 verbose title npm run lint
8 verbose argv "run" "lint" "--cache" "--fix"
9 verbose logfile logs-max:10 dir:D:\workspace\won-games-client\--fix\_logs\2025-04-10T01_19_27_346Z-
10 verbose logfile D:\workspace\won-games-client\--fix\_logs\2025-04-10T01_19_27_346Z-debug-0.log
11 silly logfile done cleaning log files
12 http fetch GET 200 https://registry.npmjs.org/npm 244ms
13 verbose cwd D:\workspace\won-games-client
14 verbose os Windows_NT 10.0.26100
15 verbose node v22.14.0
16 verbose npm  v11.2.0
17 notice
17 notice New [33mminor[39m version of npm available! [33m11.2.0[39m -> [34m11.3.0[39m
17 notice Changelog: [34mhttps://github.com/npm/cli/releases/tag/v11.3.0[39m
17 notice To update run: [4mnpm install -g npm@11.3.0[24m
17 notice  { force: true, [Symbol(proc-log.meta)]: true }
18 verbose exit 1
19 verbose code 1
